# JRE version: OpenJDK Runtime Environment (8.0_242-b01) (build 1.8.0_242-release-1644-b01)
# Java VM: OpenJDK 64-Bit Server VM (25.242-b01 mixed mode windows-amd64 compressed oops)
Heap:
 PSYoungGen      total 197120K, used 110435K [0x00000000d5580000, 0x00000000e4f00000, 0x0000000100000000)
  eden space 162816K, 61% used [0x00000000d5580000,0x00000000db7ee5a8,0x00000000df480000)
  from space 34304K, 28% used [0x00000000df480000,0x00000000dfdeaa48,0x00000000e1600000)
  to   space 32256K, 0% used [0x00000000e2f80000,0x00000000e2f80000,0x00000000e4f00000)
 ParOldGen       total 157696K, used 57040K [0x0000000080000000, 0x0000000089a00000, 0x00000000d5580000)
  object space 157696K, 36% used [0x0000000080000000,0x00000000837b4388,0x0000000089a00000)
 Metaspace       used 98850K, capacity 103654K, committed 103768K, reserved 1138688K
  class space    used 12980K, capacity 13952K, committed 13952K, reserved 1048576K
GC Heap History (10 events):
Event: 226.758 GC heap before
{Heap before GC invocations=21 (full 3):
 PSYoungGen      total 159232K, used 152487K [0x00000000d5580000, 0x00000000e1200000, 0x0000000100000000)
  eden space 139264K, 100% used [0x00000000d5580000,0x00000000ddd80000,0x00000000ddd80000)
  from space 19968K, 66% used [0x00000000ddd80000,0x00000000dea69ec0,0x00000000df100000)
  to   space 20480K, 0% used [0x00000000dfe00000,0x00000000dfe00000,0x00000000e1200000)
 ParOldGen       total 97792K, used 50053K [0x0000000080000000, 0x0000000085f80000, 0x00000000d5580000)
  object space 97792K, 51% used [0x0000000080000000,0x00000000830e16f8,0x0000000085f80000)
 Metaspace       used 88106K, capacity 92448K, committed 92504K, reserved 1128448K
  class space    used 11718K, capacity 12625K, committed 12672K, reserved 1048576K
Event: 227.078 GC heap after
Heap after GC invocations=21 (full 3):
 PSYoungGen      total 168960K, used 20451K [0x00000000d5580000, 0x00000000e1700000, 0x0000000100000000)
  eden space 148480K, 0% used [0x00000000d5580000,0x00000000d5580000,0x00000000de680000)
  from space 20480K, 99% used [0x00000000dfe00000,0x00000000e11f8ee0,0x00000000e1200000)
  to   space 24064K, 0% used [0x00000000de680000,0x00000000de680000,0x00000000dfe00000)
 ParOldGen       total 97792K, used 51318K [0x0000000080000000, 0x0000000085f80000, 0x00000000d5580000)
  object space 97792K, 52% used [0x0000000080000000,0x000000008321d878,0x0000000085f80000)
 Metaspace       used 88106K, capacity 92448K, committed 92504K, reserved 1128448K
  class space    used 11718K, capacity 12625K, committed 12672K, reserved 1048576K
}
Event: 233.920 GC heap before
{Heap before GC invocations=22 (full 3):
 PSYoungGen      total 168960K, used 168923K [0x00000000d5580000, 0x00000000e1700000, 0x0000000100000000)
  eden space 148480K, 99% used [0x00000000d5580000,0x00000000de67df58,0x00000000de680000)
  from space 20480K, 99% used [0x00000000dfe00000,0x00000000e11f8ee0,0x00000000e1200000)
  to   space 24064K, 0% used [0x00000000de680000,0x00000000de680000,0x00000000dfe00000)
 ParOldGen       total 97792K, used 51318K [0x0000000080000000, 0x0000000085f80000, 0x00000000d5580000)
  object space 97792K, 52% used [0x0000000080000000,0x000000008321d878,0x0000000085f80000)
 Metaspace       used 92144K, capacity 96560K, committed 96728K, reserved 1132544K
  class space    used 12112K, capacity 13049K, committed 13056K, reserved 1048576K
Event: 234.150 GC heap after
Heap after GC invocations=22 (full 3):
 PSYoungGen      total 172544K, used 24046K [0x00000000d5580000, 0x00000000e3a00000, 0x0000000100000000)
  eden space 148480K, 0% used [0x00000000d5580000,0x00000000d5580000,0x00000000de680000)
  from space 24064K, 99% used [0x00000000de680000,0x00000000dfdfb920,0x00000000dfe00000)
  to   space 34304K, 0% used [0x00000000e1880000,0x00000000e1880000,0x00000000e3a00000)
 ParOldGen       total 97792K, used 68905K [0x0000000080000000, 0x0000000085f80000, 0x00000000d5580000)
  object space 97792K, 70% used [0x0000000080000000,0x000000008434a440,0x0000000085f80000)
 Metaspace       used 92144K, capacity 96560K, committed 96728K, reserved 1132544K
  class space    used 12112K, capacity 13049K, committed 13056K, reserved 1048576K
}
Event: 264.555 GC heap before
{Heap before GC invocations=23 (full 3):
 PSYoungGen      total 172544K, used 101194K [0x00000000d5580000, 0x00000000e3a00000, 0x0000000100000000)
  eden space 148480K, 51% used [0x00000000d5580000,0x00000000da0d7140,0x00000000de680000)
  from space 24064K, 99% used [0x00000000de680000,0x00000000dfdfb920,0x00000000dfe00000)
  to   space 34304K, 0% used [0x00000000e1880000,0x00000000e1880000,0x00000000e3a00000)
 ParOldGen       total 97792K, used 68905K [0x0000000080000000, 0x0000000085f80000, 0x00000000d5580000)
  object space 97792K, 70% used [0x0000000080000000,0x000000008434a440,0x0000000085f80000)
 Metaspace       used 93906K, capacity 98320K, committed 98380K, reserved 1134592K
  class space    used 12341K, capacity 13271K, committed 13312K, reserved 1048576K
Event: 264.626 GC heap after
Heap after GC invocations=23 (full 3):
 PSYoungGen      total 194560K, used 3068K [0x00000000d5580000, 0x00000000e3780000, 0x0000000100000000)
  eden space 162816K, 0% used [0x00000000d5580000,0x00000000d5580000,0x00000000df480000)
  from space 31744K, 9% used [0x00000000e1880000,0x00000000e1b7f218,0x00000000e3780000)
  to   space 34304K, 0% used [0x00000000df480000,0x00000000df480000,0x00000000e1600000)
 ParOldGen       total 97792K, used 92365K [0x0000000080000000, 0x0000000085f80000, 0x00000000d5580000)
  object space 97792K, 94% used [0x0000000080000000,0x0000000085a33588,0x0000000085f80000)
 Metaspace       used 93906K, capacity 98320K, committed 98380K, reserved 1134592K
  class space    used 12341K, capacity 13271K, committed 13312K, reserved 1048576K
}
Event: 264.626 GC heap before
{Heap before GC invocations=24 (full 4):
 PSYoungGen      total 194560K, used 3068K [0x00000000d5580000, 0x00000000e3780000, 0x0000000100000000)
  eden space 162816K, 0% used [0x00000000d5580000,0x00000000d5580000,0x00000000df480000)
  from space 31744K, 9% used [0x00000000e1880000,0x00000000e1b7f218,0x00000000e3780000)
  to   space 34304K, 0% used [0x00000000df480000,0x00000000df480000,0x00000000e1600000)
 ParOldGen       total 97792K, used 92365K [0x0000000080000000, 0x0000000085f80000, 0x00000000d5580000)
  object space 97792K, 94% used [0x0000000080000000,0x0000000085a33588,0x0000000085f80000)
 Metaspace       used 93906K, capacity 98320K, committed 98380K, reserved 1134592K
  class space    used 12341K, capacity 13271K, committed 13312K, reserved 1048576K
Event: 266.429 GC heap after
Heap after GC invocations=24 (full 4):
 PSYoungGen      total 194560K, used 0K [0x00000000d5580000, 0x00000000e3780000, 0x0000000100000000)
  eden space 162816K, 0% used [0x00000000d5580000,0x00000000d5580000,0x00000000df480000)
  from space 31744K, 0% used [0x00000000e1880000,0x00000000e1880000,0x00000000e3780000)
  to   space 34304K, 0% used [0x00000000df480000,0x00000000df480000,0x00000000e1600000)
 ParOldGen       total 157696K, used 57032K [0x0000000080000000, 0x0000000089a00000, 0x00000000d5580000)
  object space 157696K, 36% used [0x0000000080000000,0x00000000837b2388,0x0000000089a00000)
 Metaspace       used 93801K, capacity 98004K, committed 98380K, reserved 1134592K
  class space    used 12307K, capacity 13211K, committed 13312K, reserved 1048576K
}
Event: 319.583 GC heap before
{Heap before GC invocations=25 (full 4):
 PSYoungGen      total 194560K, used 162816K [0x00000000d5580000, 0x00000000e3780000, 0x0000000100000000)
  eden space 162816K, 100% used [0x00000000d5580000,0x00000000df480000,0x00000000df480000)
  from space 31744K, 0% used [0x00000000e1880000,0x00000000e1880000,0x00000000e3780000)
  to   space 34304K, 0% used [0x00000000df480000,0x00000000df480000,0x00000000e1600000)
 ParOldGen       total 157696K, used 57032K [0x0000000080000000, 0x0000000089a00000, 0x00000000d5580000)
  object space 157696K, 36% used [0x0000000080000000,0x00000000837b2388,0x0000000089a00000)
 Metaspace       used 97139K, capacity 101612K, committed 101720K, reserved 1136640K
  class space    used 12741K, capacity 13661K, committed 13696K, reserved 1048576K
Event: 322.636 GC heap after
Heap after GC invocations=25 (full 4):
 PSYoungGen      total 197120K, used 9642K [0x00000000d5580000, 0x00000000e4f00000, 0x0000000100000000)
  eden space 162816K, 0% used [0x00000000d5580000,0x00000000d5580000,0x00000000df480000)
  from space 34304K, 28% used [0x00000000df480000,0x00000000dfdeaa48,0x00000000e1600000)
  to   space 32256K, 0% used [0x00000000e2f80000,0x00000000e2f80000,0x00000000e4f00000)
 ParOldGen       total 157696K, used 57040K [0x0000000080000000, 0x0000000089a00000, 0x00000000d5580000)
  object space 157696K, 36% used [0x0000000080000000,0x00000000837b4388,0x0000000089a00000)
 Metaspace       used 97139K, capacity 101612K, committed 101720K, reserved 1136640K
  class space    used 12741K, capacity 13661K, committed 13696K, reserved 1048576K
}

